<?xml version="1.0" encoding="UTF-8"?>
<beans xmlns="http://www.springframework.org/schema/beans"
	xmlns:xsi="http://www.w3.org/2001/XMLSchema-instance"
	xmlns:context="http://www.springframework.org/schema/context"
	xmlns:tx="http://www.springframework.org/schema/tx"
	xsi:schemaLocation="http://www.springframework.org/schema/beans http://www.springframework.org/schema/beans/spring-beans.xsd
		http://www.springframework.org/schema/tx http://www.springframework.org/schema/tx/spring-tx-3.1.xsd
		http://www.springframework.org/schema/context http://www.springframework.org/schema/context/spring-context-3.1.xsd">

	<!-- Parent context is Java Config.  Real pain here, as those beans would be fully configured in advance - 
	     so we need dependency declarations I think ... -->

    <tx:annotation-driven mode="aspectj" transaction-manager="transactionManager" />
	<context:component-scan base-package="org.fuzzydb.samples.config"></context:component-scan>
	<import resource="classpath:spring/appServlet/servlet-context.xml"/>
</beans>
